2023-05-14T21:58:18,787 [main] INFO  o.s.c.n.e.InstanceInfoFactory                      - Setting initial instance status as: STARTING
2023-05-14T21:58:18,979 [main] INFO  c.n.d.DiscoveryClient                              - Initializing Eureka in region us-east-1
2023-05-14T21:58:19,004 [main] INFO  c.n.d.s.r.a.ConfigClusterResolver                  - Resolving eureka endpoints via configuration
2023-05-14T21:58:19,062 [main] INFO  c.n.d.DiscoveryClient                              - Disable delta property : false
2023-05-14T21:58:19,063 [main] INFO  c.n.d.DiscoveryClient                              - Single vip registry refresh property : null
2023-05-14T21:58:19,063 [main] INFO  c.n.d.DiscoveryClient                              - Force full registry fetch : false
2023-05-14T21:58:19,063 [main] INFO  c.n.d.DiscoveryClient                              - Application is null : false
2023-05-14T21:58:19,063 [main] INFO  c.n.d.DiscoveryClient                              - Registered Applications size is zero : true
2023-05-14T21:58:19,063 [main] INFO  c.n.d.DiscoveryClient                              - Application version is -1: true
2023-05-14T21:58:19,063 [main] INFO  c.n.d.DiscoveryClient                              - Getting all instance registry info from the eureka 
2023-05-14T21:58:20,222 [main] INFO  c.n.d.DiscoveryClient                              - The response status is 200
2023-05-14T21:58:20,229 [main] INFO  c.n.d.DiscoveryClient                              - Starting heartbeat executor: renew interval is: 30
2023-05-14T21:58:20,236 [main] INFO  c.n.d.InstanceInfoReplicator                       - InstanceInfoReplicator onDemand update allowed rate 
2023-05-14T21:58:20,313 [main] INFO  c.n.d.DiscoveryClient                              - Discovery Client initialized at timestamp 
2023-05-14T21:58:20,322 [main] INFO  o.s.c.n.e.s.EurekaServiceRegistry                  - Registering application RECIPIENT-MICROSERVICE with 
2023-05-14T21:58:20,324 [main] INFO  c.n.d.DiscoveryClient                              - Saw local status change event StatusChangeEvent 
2023-05-14T21:58:20,326 [DiscoveryClient-InstanceInfoReplicator-0] INFO  c.n.d.DiscoveryClient                              - 
2023-05-14T21:58:20,328 [main] INFO  o.a.c.h.Http11NioProtocol                          - Starting ProtocolHandler ["http-nio-9002"]
2023-05-14T21:58:20,463 [DiscoveryClient-InstanceInfoReplicator-0] INFO  c.n.d.DiscoveryClient                              - 
2023-05-14T21:58:20,504 [main] INFO  o.s.b.w.e.t.TomcatWebServer                        - Tomcat started on port(s): 9002 (http) with context 
2023-05-14T21:58:20,507 [main] INFO  o.s.c.n.e.s.EurekaAutoServiceRegistration          - Updating port to 9002
2023-05-14T21:58:20,525 [main] INFO  c.C.R.RecipientMServiceApplication                 - Started RecipientMServiceApplication in 25.751 
2023-05-14T21:58:26,151 [main] INFO  c.C.R.S.I.RecipientDetailsImpl                     - Recipient Details Registered!
2023-05-14T22:01:19,153 [http-nio-9002-exec-1] INFO  o.a.c.c.C.[.[.[/]                                  - Initializing Spring 
2023-05-14T22:01:19,182 [http-nio-9002-exec-1] INFO  o.s.w.s.DispatcherServlet                          - Initializing Servlet 
2023-05-14T22:01:19,184 [http-nio-9002-exec-1] INFO  o.s.w.s.DispatcherServlet                          - Completed initialization in 1 ms
2023-05-14T22:01:19,984 [http-nio-9002-exec-1] INFO  c.C.R.S.I.RecipientDetailsImpl                     - Checking login details
2023-05-14T22:01:19,989 [http-nio-9002-exec-1] INFO  c.C.R.S.I.RecipientDetailsImpl                     - Valid Login
2023-05-14T22:01:19,989 [http-nio-9002-exec-1] INFO  c.C.R.C.RecipientDetailsController                 - Login Recipient checking
2023-05-14T22:03:19,091 [AsyncResolver-bootstrap-executor-0] INFO  c.n.d.s.r.a.ConfigClusterResolver                  - Resolving eureka 
2023-05-14T22:03:39,290 [http-nio-9002-exec-3] INFO  c.C.R.S.I.RecipientDetailsImpl                     - Saving Recipient Details
2023-05-14T22:03:39,290 [http-nio-9002-exec-3] INFO  c.C.R.C.RecipientDetailsController                 - Saving user data
2023-05-14T22:04:12,412 [http-nio-9002-exec-4] INFO  c.C.R.S.I.RecipientDetailsImpl                     - Saving Recipient Details
2023-05-14T22:04:12,413 [http-nio-9002-exec-4] INFO  c.C.R.C.RecipientDetailsController                 - Saving user data
2023-05-14T22:05:42,027 [http-nio-9002-exec-6] INFO  c.C.R.C.RecipientDetailsController                 - Getting all logs by Institute Id
2023-05-14T22:05:42,066 [http-nio-9002-exec-6] INFO  c.C.R.S.I.RecipientDetailsImpl                     - Searching logs by InstituteID
2023-05-14T22:06:00,784 [http-nio-9002-exec-7] INFO  c.C.R.C.RecipientDetailsController                 - Getting all logs by Institute Id
2023-05-14T22:06:00,795 [http-nio-9002-exec-7] INFO  c.C.R.S.I.RecipientDetailsImpl                     - Searching logs by InstituteID
2023-05-14T22:06:12,849 [http-nio-9002-exec-10] INFO  c.C.R.C.RecipientDetailsController                 - Searching by Institute Id
2023-05-14T22:06:12,896 [http-nio-9002-exec-10] INFO  c.C.R.S.I.RecipientDetailsImpl                     - Displaying unreceived orders of 
2023-05-14T22:06:17,296 [http-nio-9002-exec-8] INFO  c.C.R.C.RecipientDetailsController                 - Getting emailID to send OTP
2023-05-14T22:06:25,275 [http-nio-9002-exec-8] INFO  c.C.R.S.I.RecipientDetailsImpl                     - Generating message to be sent on 
2023-05-14T22:06:25,276 [http-nio-9002-exec-8] INFO  c.C.R.S.I.RecipientDetailsImpl                     - OTP sent to email address
2023-05-14T22:07:28,220 [http-nio-9002-exec-1] INFO  c.C.R.C.RecipientDetailsController                 - Checking OTP correct or not
2023-05-14T22:07:28,231 [http-nio-9002-exec-1] INFO  c.C.R.S.I.RecipientDetailsImpl                     - OTP Verification Process
2023-05-14T22:07:28,678 [http-nio-9002-exec-1] INFO  c.C.R.S.I.RecipientDetailsImpl                     - OTP Verified
2023-05-14T22:07:34,985 [http-nio-9002-exec-2] INFO  c.C.R.C.RecipientDetailsController                 - Searching by Institute Id
2023-05-14T22:07:35,088 [http-nio-9002-exec-2] INFO  c.C.R.S.I.RecipientDetailsImpl                     - Displaying unreceived orders of 
2023-05-14T22:07:44,673 [http-nio-9002-exec-3] INFO  c.C.R.C.RecipientDetailsController                 - Searching by Institute Id
2023-05-14T22:07:44,679 [http-nio-9002-exec-3] INFO  c.C.R.S.I.RecipientDetailsImpl                     - Displaying unreceived orders of 
2023-05-14T22:08:19,093 [AsyncResolver-bootstrap-executor-0] INFO  c.n.d.s.r.a.ConfigClusterResolver                  - Resolving eureka 
2023-05-14T22:09:17,576 [http-nio-9002-exec-5] INFO  c.C.R.S.I.RecipientDetailsImpl                     - Checking login details
2023-05-14T22:09:17,579 [http-nio-9002-exec-5] INFO  c.C.R.S.I.RecipientDetailsImpl                     - Valid Login
2023-05-14T22:09:17,580 [http-nio-9002-exec-5] INFO  c.C.R.C.RecipientDetailsController                 - Login Recipient checking
2023-05-14T22:09:42,938 [http-nio-9002-exec-6] INFO  c.C.R.S.I.RecipientDetailsImpl                     - Saving Recipient Details
2023-05-14T22:09:42,939 [http-nio-9002-exec-6] INFO  c.C.R.C.RecipientDetailsController                 - Saving user data
2023-05-14T22:10:14,261 [http-nio-9002-exec-7] INFO  c.C.R.C.RecipientDetailsController                 - Searching by Institute Id
2023-05-14T22:10:14,267 [http-nio-9002-exec-7] INFO  c.C.R.S.I.RecipientDetailsImpl                     - Displaying unreceived orders of 
2023-05-14T22:10:16,064 [http-nio-9002-exec-10] INFO  c.C.R.C.RecipientDetailsController                 - Getting emailID to send OTP
2023-05-14T22:10:22,450 [http-nio-9002-exec-10] INFO  c.C.R.S.I.RecipientDetailsImpl                     - Generating message to be sent on 
2023-05-14T22:10:22,451 [http-nio-9002-exec-10] INFO  c.C.R.S.I.RecipientDetailsImpl                     - OTP sent to email address
2023-05-14T22:10:49,433 [http-nio-9002-exec-9] INFO  c.C.R.C.RecipientDetailsController                 - Checking OTP correct or not
2023-05-14T22:10:49,439 [http-nio-9002-exec-9] INFO  c.C.R.S.I.RecipientDetailsImpl                     - OTP Verification Process
2023-05-14T22:10:49,439 [http-nio-9002-exec-9] INFO  c.C.R.S.I.RecipientDetailsImpl                     - OTP not Verified
2023-05-14T22:10:57,580 [http-nio-9002-exec-1] INFO  c.C.R.C.RecipientDetailsController                 - Checking OTP correct or not
2023-05-14T22:10:57,582 [http-nio-9002-exec-1] INFO  c.C.R.S.I.RecipientDetailsImpl                     - OTP Verification Process
2023-05-14T22:10:57,583 [http-nio-9002-exec-1] INFO  c.C.R.S.I.RecipientDetailsImpl                     - OTP not Verified
2023-05-14T22:11:57,924 [http-nio-9002-exec-3] INFO  c.C.R.C.RecipientDetailsController                 - Checking OTP correct or not
2023-05-14T22:11:57,926 [http-nio-9002-exec-3] INFO  c.C.R.S.I.RecipientDetailsImpl                     - OTP Verification Process
2023-05-14T22:11:57,926 [http-nio-9002-exec-3] INFO  c.C.R.S.I.RecipientDetailsImpl                     - OTP not Verified
2023-05-14T22:13:19,093 [AsyncResolver-bootstrap-executor-0] INFO  c.n.d.s.r.a.ConfigClusterResolver                  - Resolving eureka 
2023-05-14T22:14:07,307 [http-nio-9002-exec-5] INFO  c.C.R.C.RecipientDetailsController                 - Checking OTP correct or not
2023-05-14T22:14:07,312 [http-nio-9002-exec-5] INFO  c.C.R.S.I.RecipientDetailsImpl                     - OTP Verification Process
2023-05-14T22:14:07,312 [http-nio-9002-exec-5] INFO  c.C.R.S.I.RecipientDetailsImpl                     - OTP not Verified
2023-05-14T22:17:10,999 [http-nio-9002-exec-7] INFO  c.C.R.C.RecipientDetailsController                 - Checking OTP correct or not
2023-05-14T22:17:11,472 [http-nio-9002-exec-7] INFO  c.C.R.S.I.RecipientDetailsImpl                     - OTP Verification Process
2023-05-14T22:17:11,472 [http-nio-9002-exec-7] INFO  c.C.R.S.I.RecipientDetailsImpl                     - OTP not Verified
2023-05-14T22:17:28,596 [http-nio-9002-exec-10] INFO  c.C.R.C.RecipientDetailsController                 - Checking OTP correct or not
2023-05-14T22:17:28,605 [http-nio-9002-exec-10] INFO  c.C.R.S.I.RecipientDetailsImpl                     - OTP Verification Process
2023-05-14T22:17:28,900 [http-nio-9002-exec-10] INFO  c.C.R.S.I.RecipientDetailsImpl                     - OTP Verified
2023-05-14T22:17:33,504 [http-nio-9002-exec-8] INFO  c.C.R.C.RecipientDetailsController                 - Searching by Institute Id
2023-05-14T22:17:33,511 [http-nio-9002-exec-8] INFO  c.C.R.S.I.RecipientDetailsImpl                     - Displaying unreceived orders of 
2023-05-14T22:17:52,989 [SpringApplicationShutdownHook] INFO  o.s.c.n.e.s.EurekaServiceRegistry                  - Unregistering application 
2023-05-14T22:17:52,990 [SpringApplicationShutdownHook] INFO  c.n.d.DiscoveryClient                              - Saw local status change 
2023-05-14T22:17:52,990 [DiscoveryClient-InstanceInfoReplicator-0] INFO  c.n.d.DiscoveryClient                              - 
2023-05-14T22:17:53,007 [DiscoveryClient-InstanceInfoReplicator-0] INFO  c.n.d.DiscoveryClient                              - 
2023-05-14T22:17:53,148 [SpringApplicationShutdownHook] INFO  o.s.o.j.LocalContainerEntityManagerFactoryBean     - Closing JPA 
2023-05-14T22:17:53,173 [SpringApplicationShutdownHook] INFO  c.z.h.HikariDataSource                             - HikariPool-1 - Shutdown 
2023-05-14T22:17:53,177 [SpringApplicationShutdownHook] INFO  c.z.h.HikariDataSource                             - HikariPool-1 - Shutdown 
2023-05-14T22:17:53,178 [SpringApplicationShutdownHook] INFO  c.n.d.DiscoveryClient                              - Shutting down 
2023-05-14T22:17:56,180 [SpringApplicationShutdownHook] INFO  c.n.d.DiscoveryClient                              - Unregistering ...
2023-05-14T22:17:56,301 [SpringApplicationShutdownHook] INFO  c.n.d.DiscoveryClient                              - DiscoveryClient_RECIPIENT-
2023-05-14T22:17:56,309 [SpringApplicationShutdownHook] INFO  c.n.d.DiscoveryClient                              - Completed shut down of 
2023-05-14T22:25:18,143 [main] INFO  o.s.d.r.c.RepositoryConfigurationDelegate          - Finished Spring Data repository scanning in 564 ms. 
2023-05-14T22:25:18,810 [main] INFO  o.s.c.c.s.GenericScope                             - BeanFactory id=055c27df-bf98-3701-b1e6-7f85f2421d48
2023-05-14T22:25:20,111 [main] INFO  o.s.b.w.e.t.TomcatWebServer                        - Tomcat initialized with port(s): 9001 (http)
2023-05-14T22:25:20,124 [main] INFO  o.a.c.h.Http11NioProtocol                          - Initializing ProtocolHandler ["http-nio-9001"]
2023-05-14T22:25:20,126 [main] INFO  o.a.c.c.StandardService                            - Starting service [Tomcat]
2023-05-14T22:25:20,127 [main] INFO  o.a.c.c.StandardEngine                             - Starting Servlet engine: [Apache Tomcat/10.1.7]
2023-05-14T22:25:20,817 [main] INFO  o.a.c.c.C.[.[.[/]                                  - Initializing Spring embedded WebApplicationContext
2023-05-14T22:25:20,819 [main] INFO  o.s.b.w.s.c.ServletWebServerApplicationContext     - Root WebApplicationContext: initialization completed 
2023-05-14T22:25:22,019 [main] INFO  o.h.j.i.u.LogHelper                                - HHH000204: Processing PersistenceUnitInfo [name: 
2023-05-14T22:25:22,400 [main] INFO  o.h.Version                                        - HHH000412: Hibernate ORM core version 6.1.7.Final
2023-05-14T22:25:23,944 [main] INFO  c.z.h.HikariDataSource                             - HikariPool-1 - Starting...
2023-05-14T22:25:27,086 [main] INFO  c.z.h.p.HikariPool                                 - HikariPool-1 - Added connection 
2023-05-14T22:25:27,089 [main] INFO  c.z.h.HikariDataSource                             - HikariPool-1 - Start completed.
2023-05-14T22:25:27,576 [main] INFO  SQL dialect                                        - HHH000400: Using dialect: 
2023-05-14T22:25:27,653 [main] WARN  o.h.o.deprecation                                  - HHH90000026: MySQL8Dialect has been deprecated; use 
2023-05-14T22:25:29,677 [main] INFO  o.h.e.t.j.p.i.JtaPlatformInitiator                 - HHH000490: Using JtaPlatform implementation: 
2023-05-14T22:25:29,695 [main] INFO  o.s.o.j.LocalContainerEntityManagerFactoryBean     - Initialized JPA EntityManagerFactory for persistence 
2023-05-14T22:25:30,819 [main] WARN  o.s.b.a.o.j.JpaBaseConfiguration$JpaWebConfiguration - spring.jpa.open-in-view is enabled by default. 
2023-05-14T22:25:33,744 [main] INFO  o.s.b.a.e.w.EndpointLinksResolver                  - Exposing 1 endpoint(s) beneath base path '/actuator'
2023-05-14T22:25:34,039 [main] INFO  o.s.c.n.e.InstanceInfoFactory                      - Setting initial instance status as: STARTING
2023-05-14T22:25:34,394 [main] INFO  c.n.d.DiscoveryClient                              - Initializing Eureka in region us-east-1
2023-05-14T22:25:34,427 [main] INFO  c.n.d.s.r.a.ConfigClusterResolver                  - Resolving eureka endpoints via configuration
2023-05-14T22:25:34,534 [main] INFO  c.n.d.DiscoveryClient                              - Disable delta property : false
2023-05-14T22:25:34,534 [main] INFO  c.n.d.DiscoveryClient                              - Single vip registry refresh property : null
2023-05-14T22:25:34,534 [main] INFO  c.n.d.DiscoveryClient                              - Force full registry fetch : false
2023-05-14T22:25:34,534 [main] INFO  c.n.d.DiscoveryClient                              - Application is null : false
2023-05-14T22:25:34,535 [main] INFO  c.n.d.DiscoveryClient                              - Registered Applications size is zero : true
2023-05-14T22:25:34,535 [main] INFO  c.n.d.DiscoveryClient                              - Application version is -1: true
2023-05-14T22:25:34,535 [main] INFO  c.n.d.DiscoveryClient                              - Getting all instance registry info from the eureka 
2023-05-14T22:25:35,666 [main] INFO  c.n.d.DiscoveryClient                              - The response status is 200
2023-05-14T22:25:35,670 [main] INFO  c.n.d.DiscoveryClient                              - Starting heartbeat executor: renew interval is: 30
2023-05-14T22:25:35,674 [main] INFO  c.n.d.InstanceInfoReplicator                       - InstanceInfoReplicator onDemand update allowed rate 
2023-05-14T22:25:35,681 [main] INFO  c.n.d.DiscoveryClient                              - Discovery Client initialized at timestamp 
2023-05-14T22:25:35,684 [main] INFO  o.s.c.n.e.s.EurekaServiceRegistry                  - Registering application ORDER-MICROSERVICE with 
2023-05-14T22:25:35,685 [main] INFO  c.n.d.DiscoveryClient                              - Saw local status change event StatusChangeEvent 
2023-05-14T22:25:35,687 [DiscoveryClient-InstanceInfoReplicator-0] INFO  c.n.d.DiscoveryClient                              - 
2023-05-14T22:25:35,688 [main] INFO  o.a.c.h.Http11NioProtocol                          - Starting ProtocolHandler ["http-nio-9001"]
2023-05-14T22:25:35,901 [DiscoveryClient-InstanceInfoReplicator-0] INFO  c.n.d.DiscoveryClient                              - 
2023-05-14T22:25:35,941 [main] INFO  o.s.b.w.e.t.TomcatWebServer                        - Tomcat started on port(s): 9001 (http) with context 
2023-05-14T22:25:35,942 [main] INFO  o.s.c.n.e.s.EurekaAutoServiceRegistration          - Updating port to 9001
2023-05-14T22:25:36,381 [main] INFO  c.C.O.OrderMServiceApplication                     - Started OrderMServiceApplication in 25.278 seconds 
2023-05-14T22:25:41,742 [main] INFO  c.C.O.I.OrderImplementation                        - Guard Details Registered!
2023-05-14T22:28:17,924 [http-nio-9001-exec-1] INFO  o.a.c.c.C.[.[.[/]                                  - Initializing Spring 
2023-05-14T22:28:17,969 [http-nio-9001-exec-1] INFO  o.s.w.s.DispatcherServlet                          - Initializing Servlet 
2023-05-14T22:28:17,973 [http-nio-9001-exec-1] INFO  o.s.w.s.DispatcherServlet                          - Completed initialization in 3 ms
2023-05-14T22:28:18,439 [http-nio-9001-exec-1] INFO  c.C.O.I.OrderImplementation                        - Valid Login
2023-05-14T22:28:18,440 [http-nio-9001-exec-1] INFO  c.C.O.C.OrderController                            - Login Guard checking
2023-05-14T22:30:29,683 [http-nio-9001-exec-3] INFO  c.C.O.I.OrderImplementation                        - Saved orders received in campus
2023-05-14T22:30:29,698 [http-nio-9001-exec-3] INFO  c.C.O.C.OrderController                            - Saving Orders received in campus
2023-05-14T22:30:34,538 [AsyncResolver-bootstrap-executor-0] INFO  c.n.d.s.r.a.ConfigClusterResolver                  - Resolving eureka 
2023-05-14T22:31:05,887 [http-nio-9001-exec-4] INFO  c.C.O.I.OrderImplementation                        - Saved orders received in campus
2023-05-14T22:31:05,888 [http-nio-9001-exec-4] INFO  c.C.O.C.OrderController                            - Saving Orders received in campus
2023-05-14T22:31:22,858 [http-nio-9001-exec-6] INFO  c.C.O.C.OrderController                            - Fetching logs by institute ID from 
2023-05-14T22:31:29,816 [http-nio-9001-exec-5] INFO  c.C.O.I.OrderImplementation                        - Fetched logs by delivered date
2023-05-14T22:31:29,817 [http-nio-9001-exec-5] INFO  c.C.O.C.OrderController                            - Fetching logs by delivered date from 
2023-05-14T22:34:06,199 [http-nio-9001-exec-8] INFO  c.C.O.I.OrderImplementation                        - Valid Login
2023-05-14T22:34:06,202 [http-nio-9001-exec-8] INFO  c.C.O.C.OrderController                            - Login Guard checking
2023-05-14T22:34:15,572 [http-nio-9001-exec-9] INFO  c.C.O.C.OrderController                            - Getting OrderIDs that recipient has 
2023-05-14T22:34:15,589 [http-nio-9001-exec-9] INFO  c.C.O.I.OrderImplementation                        - Checking orderIDs in recipient are 
2023-05-14T22:34:15,596 [http-nio-9001-exec-9] INFO  c.C.O.C.OrderController                            - Getting OrderIDs that are in campus 
2023-05-14T22:34:26,210 [http-nio-9001-exec-10] INFO  c.C.O.C.OrderController                            - Fetching emailID from order MS to 
2023-05-14T22:34:54,216 [http-nio-9001-exec-1] INFO  c.C.O.C.OrderController                            - Verifying OTP from order MS to 
2023-05-14T22:35:01,694 [http-nio-9001-exec-2] INFO  c.C.O.C.OrderController                            - Verifying OTP from order MS to 
2023-05-14T22:35:06,459 [http-nio-9001-exec-3] INFO  c.C.O.C.OrderController                            - Getting OrderIDs that recipient has 
2023-05-14T22:35:06,460 [http-nio-9001-exec-3] INFO  c.C.O.I.OrderImplementation                        - No pending orders
2023-05-14T22:35:06,461 [http-nio-9001-exec-3] INFO  c.C.O.C.OrderController                            - Getting OrderIDs that are in campus 
2023-05-14T22:35:19,366 [http-nio-9001-exec-4] INFO  c.C.O.C.OrderController                            - Getting OrderIDs that recipient has 
2023-05-14T22:35:19,366 [http-nio-9001-exec-4] INFO  c.C.O.I.OrderImplementation                        - Checking orderIDs in recipient are 
2023-05-14T22:35:19,371 [http-nio-9001-exec-4] INFO  c.C.O.C.OrderController                            - Getting OrderIDs that are in campus 
2023-05-14T22:35:27,009 [http-nio-9001-exec-6] INFO  c.C.O.C.OrderController                            - Fetching emailID from order MS to 
2023-05-14T22:35:34,540 [AsyncResolver-bootstrap-executor-0] INFO  c.n.d.s.r.a.ConfigClusterResolver                  - Resolving eureka 
2023-05-14T22:36:05,894 [http-nio-9001-exec-5] INFO  c.C.O.C.OrderController                            - Verifying OTP from order MS to 
2023-05-14T22:36:08,849 [http-nio-9001-exec-7] INFO  c.C.O.C.OrderController                            - Getting OrderIDs that recipient has 
2023-05-14T22:36:08,850 [http-nio-9001-exec-7] INFO  c.C.O.I.OrderImplementation                        - No pending orders
2023-05-14T22:36:08,850 [http-nio-9001-exec-7] INFO  c.C.O.C.OrderController                            - Getting OrderIDs that are in campus 
2023-05-14T22:36:19,713 [http-nio-9001-exec-8] INFO  c.C.O.I.OrderImplementation                        - Fetched logs by delivered date
2023-05-14T22:36:19,715 [http-nio-9001-exec-8] INFO  c.C.O.C.OrderController                            - Fetching logs by delivered date from 
2023-05-14T22:37:04,811 [SpringApplicationShutdownHook] INFO  o.s.c.n.e.s.EurekaServiceRegistry                  - Unregistering application 
2023-05-14T22:37:04,811 [SpringApplicationShutdownHook] INFO  c.n.d.DiscoveryClient                              - Saw local status change 
